[0m15:46:04.488154 [debug] [MainThread]: Sending event: {'category': 'dbt', 'action': 'invocation', 'label': 'start', 'context': [<snowplow_tracker.self_describing_json.SelfDescribingJson object at 0x7fc11c1b0b60>, <snowplow_tracker.self_describing_json.SelfDescribingJson object at 0x7fc11c2b0bc0>, <snowplow_tracker.self_describing_json.SelfDescribingJson object at 0x7fc11c1b27e0>]}


============================== 15:46:04.517264 | c79c0e5f-ce11-425b-9ba4-70629b4fb7a2 ==============================
[0m15:46:04.517264 [info ] [MainThread]: Running with dbt=1.7.13
[0m15:46:04.518722 [debug] [MainThread]: running dbt with arguments {'printer_width': '80', 'indirect_selection': 'eager', 'write_json': 'True', 'log_cache_events': 'False', 'partial_parse': 'True', 'cache_selected_only': 'False', 'profiles_dir': '/home/ahona/.dbt', 'fail_fast': 'False', 'warn_error': 'None', 'log_path': 'logs', 'debug': 'False', 'version_check': 'True', 'use_colors': 'True', 'use_experimental_parser': 'False', 'no_print': 'None', 'quiet': 'False', 'log_format': 'default', 'introspect': 'True', 'warn_error_options': 'WarnErrorOptions(include=[], exclude=[])', 'invocation_command': 'dbt init', 'target_path': 'None', 'static_parser': 'True', 'send_anonymous_usage_stats': 'True'}
[0m15:46:10.808586 [debug] [MainThread]: Starter project path: /home/ahona/miniconda3/lib/python3.12/site-packages/dbt/include/starter_project
[0m15:46:10.817369 [info ] [MainThread]: 
Your new dbt project "kape_boys" was created!

For more information on how to configure the profiles.yml file,
please consult the dbt documentation here:

  https://docs.getdbt.com/docs/configure-your-profile

One more thing:

Need help? Don't hesitate to reach out to us via GitHub issues or on Slack:

  https://community.getdbt.com/

Happy modeling!

[0m15:46:10.818054 [info ] [MainThread]: Setting up your profile.
[0m15:46:46.579598 [info ] [MainThread]: Profile kape_boys written to /home/ahona/.dbt/profiles.yml using target's profile_template.yml and your supplied values. Run 'dbt debug' to validate the connection.
[0m15:46:46.581479 [debug] [MainThread]: Resource report: {"command_name": "init", "command_success": true, "command_wall_clock_time": 42.140312, "process_user_time": 2.192871, "process_kernel_time": 0.173389, "process_mem_max_rss": "96920", "process_out_blocks": "80", "process_in_blocks": "0"}
[0m15:46:46.583136 [debug] [MainThread]: Command `dbt init` succeeded at 15:46:46.582589 after 42.14 seconds
[0m15:46:46.585209 [debug] [MainThread]: Sending event: {'category': 'dbt', 'action': 'invocation', 'label': 'end', 'context': [<snowplow_tracker.self_describing_json.SelfDescribingJson object at 0x7fc11c27d910>, <snowplow_tracker.self_describing_json.SelfDescribingJson object at 0x7fc11c020d40>, <snowplow_tracker.self_describing_json.SelfDescribingJson object at 0x7fc11c38b1a0>]}
[0m15:46:46.586310 [debug] [MainThread]: Flushing usage events
